[debug] [2023-12-11T18:43:43.094Z] ----------------------------------------------------------------------
[debug] [2023-12-11T18:43:43.096Z] Command:       C:\Program Files\nodejs\node.exe C:\Users\hustl\AppData\Roaming\npm\node_modules\firebase-tools\lib\bin\firebase.js init
[debug] [2023-12-11T18:43:43.096Z] CLI Version:   13.0.1
[debug] [2023-12-11T18:43:43.096Z] Platform:      win32
[debug] [2023-12-11T18:43:43.097Z] Node Version:  v18.18.2
[debug] [2023-12-11T18:43:43.097Z] Time:          Tue Dec 12 2023 00:13:43 GMT+0530 (India Standard Time)
[debug] [2023-12-11T18:43:43.097Z] ----------------------------------------------------------------------
[debug] 
[debug] [2023-12-11T18:43:43.102Z] > command requires scopes: ["email","openid","https://www.googleapis.com/auth/cloudplatformprojects.readonly","https://www.googleapis.com/auth/firebase","https://www.googleapis.com/auth/cloud-platform"]
[debug] [2023-12-11T18:43:43.102Z] > authorizing via signed-in user (hustlewithabhimanyu@gmail.com)
[info] 
     ######## #### ########  ######## ########     ###     ######  ########
     ##        ##  ##     ## ##       ##     ##  ##   ##  ##       ##
     ######    ##  ########  ######   ########  #########  ######  ######
     ##        ##  ##    ##  ##       ##     ## ##     ##       ## ##
     ##       #### ##     ## ######## ########  ##     ##  ######  ########

You're about to initialize a Firebase project in this directory:

  C:\Users\hustl\expense

[info] 
=== Project Setup
[info] 
[info] First, let's associate this project directory with a Firebase project.
[info] You can create multiple project aliases by running firebase use --add, 
[info] but for now we'll just set up a default project.
[info] 
[debug] [2023-12-11T18:43:57.718Z] >>> [apiv2][query] GET https://firebase.googleapis.com/v1beta1/projects pageSize=100
[debug] [2023-12-11T18:43:58.649Z] <<< [apiv2][status] GET https://firebase.googleapis.com/v1beta1/projects 200
[debug] [2023-12-11T18:43:58.649Z] <<< [apiv2][body] GET https://firebase.googleapis.com/v1beta1/projects [omitted]
[info] i  Using project expense-tracker-de1b0 (expense-tracker) 
[info] 
=== Hosting Setup
[debug] [2023-12-11T18:44:02.178Z] >>> [apiv2][query] GET https://firebase.googleapis.com/v1beta1/projects/expense-tracker-de1b0 [none]
[debug] [2023-12-11T18:44:02.798Z] <<< [apiv2][status] GET https://firebase.googleapis.com/v1beta1/projects/expense-tracker-de1b0 200
[debug] [2023-12-11T18:44:02.798Z] <<< [apiv2][body] GET https://firebase.googleapis.com/v1beta1/projects/expense-tracker-de1b0 {"projectId":"expense-tracker-de1b0","projectNumber":"67586664751","displayName":"expense-tracker","name":"projects/expense-tracker-de1b0","resources":{"hostingSite":"expense-tracker-de1b0"},"state":"ACTIVE","etag":"1_e0c4cbf6-bf85-42a4-99fc-9226fe2e6379"}
[info] 
[info] Your public directory is the folder (relative to your project directory) that
[info] will contain Hosting assets to be uploaded with firebase deploy. If you
[info] have a build process for your assets, use your build's output directory.
[info] 
[info] +  Wrote build/404.html 
[debug] [2023-12-11T18:44:42.815Z] >>> [apiv2][query] GET https://www.gstatic.com/firebasejs/releases.json [none]
[debug] [2023-12-11T18:44:42.941Z] <<< [apiv2][status] GET https://www.gstatic.com/firebasejs/releases.json 200
[debug] [2023-12-11T18:44:42.941Z] <<< [apiv2][body] GET https://www.gstatic.com/firebasejs/releases.json {"current":{"version":"10.7.1","browserURL":"https://www.gstatic.com/firebasejs/10.7.1/firebase.js","packageURL":"https://www.gstatic.com/firebasejs/10.7.1/firebase.tgz"},"live":{"version":"10.7","browserURL":"https://www.gstatic.com/firebasejs/live/10.7/firebase.js","packageURL":"https://www.gstatic.com/firebasejs/live/10.7/firebase.tgz"},"components":{"analytics":"https://www.gstatic.com/firebasejs/10.7.1/firebase-analytics.js","app":"https://www.gstatic.com/firebasejs/10.7.1/firebase-app.js","app-check":"https://www.gstatic.com/firebasejs/10.7.1/firebase-app-check.js","auth":"https://www.gstatic.com/firebasejs/10.7.1/firebase-auth.js","auth/cordova":"https://www.gstatic.com/firebasejs/10.7.1/firebase-auth/cordova.js","functions":"https://www.gstatic.com/firebasejs/10.7.1/firebase-functions.js","firestore":"https://www.gstatic.com/firebasejs/10.7.1/firebase-firestore.js","firestore/lite":"https://www.gstatic.com/firebasejs/10.7.1/firebase-firestore/lite.js","installations":"https://www.gstatic.com/firebasejs/10.7.1/firebase-installations.js","storage":"https://www.gstatic.com/firebasejs/10.7.1/firebase-storage.js","performance":"https://www.gstatic.com/firebasejs/10.7.1/firebase-performance.js","remote-config":"https://www.gstatic.com/firebasejs/10.7.1/firebase-remote-config.js","messaging":"https://www.gstatic.com/firebasejs/10.7.1/firebase-messaging.js","messaging/sw":"https://www.gstatic.com/firebasejs/10.7.1/firebase-messaging/sw.js","database":"https://www.gstatic.com/firebasejs/10.7.1/firebase-database.js","firestore.memory":"https://www.gstatic.com/firebasejs/10.7.1/firebase-firestore.memory.js"}}
[info] i  Skipping write of build/index.html 
[info] 
[info] i  Detected a .git folder at C:\Users\hustl\expense 
[info] i  Authorizing with GitHub to upload your service account to a GitHub repository's secrets store. 
[info] 
[info] Visit this URL on this device to log in:
[info] https://github.com/login/oauth/authorize?client_id=89cf50f02ac6aaed3484&state=84730537&redirect_uri=http%3A%2F%2Flocalhost%3A9005&scope=read%3Auser%20repo%20public_repo
[info] 
[info] Waiting for authentication...
[debug] [2023-12-11T18:44:59.122Z] >>> [apiv2][query] POST https://github.com/login/oauth/access_token [none]
[debug] [2023-12-11T18:44:59.122Z] >>> [apiv2][body] POST https://github.com/login/oauth/access_token [stream]
[debug] [2023-12-11T18:44:59.545Z] <<< [apiv2][status] POST https://github.com/login/oauth/access_token 200
[debug] [2023-12-11T18:44:59.545Z] <<< [apiv2][body] POST https://github.com/login/oauth/access_token {"access_token":"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","token_type":"bearer","scope":"read:user,repo"}
[debug] [2023-12-11T18:44:59.549Z] >>> [apiv2][query] GET https://api.github.com/user [none]
[debug] [2023-12-11T18:45:00.072Z] <<< [apiv2][status] GET https://api.github.com/user 200
[debug] [2023-12-11T18:45:00.072Z] <<< [apiv2][body] GET https://api.github.com/user {"login":"HustleWithAbhimanyu","id":148638376,"node_id":"U_kgDOCNwKqA","avatar_url":"https://avatars.githubusercontent.com/u/148638376?v=4","gravatar_id":"","url":"https://api.github.com/users/HustleWithAbhimanyu","html_url":"https://github.com/HustleWithAbhimanyu","followers_url":"https://api.github.com/users/HustleWithAbhimanyu/followers","following_url":"https://api.github.com/users/HustleWithAbhimanyu/following{/other_user}","gists_url":"https://api.github.com/users/HustleWithAbhimanyu/gists{/gist_id}","starred_url":"https://api.github.com/users/HustleWithAbhimanyu/starred{/owner}{/repo}","subscriptions_url":"https://api.github.com/users/HustleWithAbhimanyu/subscriptions","organizations_url":"https://api.github.com/users/HustleWithAbhimanyu/orgs","repos_url":"https://api.github.com/users/HustleWithAbhimanyu/repos","events_url":"https://api.github.com/users/HustleWithAbhimanyu/events{/privacy}","received_events_url":"https://api.github.com/users/HustleWithAbhimanyu/received_events","type":"User","site_admin":false,"name":null,"company":null,"blog":"","location":null,"email":null,"hireable":null,"bio":null,"twitter_username":null,"public_repos":6,"public_gists":0,"followers":0,"following":0,"created_at":"2023-10-21T14:43:57Z","updated_at":"2023-11-13T16:25:26Z","private_gists":0,"total_private_repos":1,"owned_private_repos":1,"disk_usage":983,"collaborators":0,"two_factor_authentication":false,"plan":{"name":"free","space":976562499,"collaborators":0,"private_repos":10000}}
[info] 
[info] +  Success! Logged into GitHub as HustleWithAbhimanyu 
[info] 
