[debug] [2023-12-11T07:39:10.431Z] ----------------------------------------------------------------------
[debug] [2023-12-11T07:39:10.434Z] Command:       C:\Program Files\nodejs\node.exe C:\Users\hustl\AppData\Roaming\npm\node_modules\firebase-tools\lib\bin\firebase.js init
[debug] [2023-12-11T07:39:10.434Z] CLI Version:   13.0.1
[debug] [2023-12-11T07:39:10.435Z] Platform:      win32
[debug] [2023-12-11T07:39:10.435Z] Node Version:  v18.18.2
[debug] [2023-12-11T07:39:10.436Z] Time:          Mon Dec 11 2023 13:09:10 GMT+0530 (India Standard Time)
[debug] [2023-12-11T07:39:10.436Z] ----------------------------------------------------------------------
[debug] 
[debug] [2023-12-11T07:39:10.439Z] >>> [apiv2][query] GET https://firebase-public.firebaseio.com/cli.json [none]
[debug] [2023-12-11T07:39:10.491Z] > command requires scopes: ["email","openid","https://www.googleapis.com/auth/cloudplatformprojects.readonly","https://www.googleapis.com/auth/firebase","https://www.googleapis.com/auth/cloud-platform"]
[debug] [2023-12-11T07:39:10.491Z] > authorizing via signed-in user (hustlewithabhimanyu@gmail.com)
[info] 
     ######## #### ########  ######## ########     ###     ######  ########
     ##        ##  ##     ## ##       ##     ##  ##   ##  ##       ##
     ######    ##  ########  ######   ########  #########  ######  ######
     ##        ##  ##    ##  ##       ##     ## ##     ##       ## ##
     ##       #### ##     ## ######## ########  ##     ##  ######  ########

You're about to initialize a Firebase project in this directory:

  C:\Users\hustl\expense

[debug] [2023-12-11T07:39:11.345Z] <<< [apiv2][status] GET https://firebase-public.firebaseio.com/cli.json 200
[debug] [2023-12-11T07:39:11.345Z] <<< [apiv2][body] GET https://firebase-public.firebaseio.com/cli.json {"cloudBuildErrorAfter":1594252800000,"cloudBuildWarnAfter":1590019200000,"defaultNode10After":1594252800000,"minVersion":"3.0.5","node8DeploysDisabledAfter":1613390400000,"node8RuntimeDisabledAfter":1615809600000,"node8WarnAfter":1600128000000}
